Ip:
    224687 total packets received
    220 with invalid addresses
    0 forwarded
    0 incoming packets discarded
    224402 incoming packets delivered
    178462 requests sent out
    44 outgoing packets dropped
    318 dropped because of missing route
Icmp:
    97 ICMP messages received
    0 input ICMP message failed.
    ICMP input histogram:
        destination unreachable: 95
        echo requests: 2
    119 ICMP messages sent
    0 ICMP messages failed
    ICMP output histogram:
        destination unreachable: 117
        echo replies: 2
IcmpMsg:
        InType3: 95
        InType8: 2
        OutType0: 2
        OutType3: 117
Tcp:
    5586 active connections openings
    4 passive connection openings
    2448 failed connection attempts
    33 connection resets received
    2 connections established
    184824 segments received
    135062 segments send out
    10393 segments retransmited
    12 bad segments received.
    834 resets sent
Udp:
    33226 packets received
    117 packets to unknown port received.
    0 packet receive errors
    33302 packets sent
    IgnoredMulti: 6160
UdpLite:
TcpExt:
    1498 TCP sockets finished time wait in fast timer
    2970 delayed acks sent
    7 delayed acks further delayed because of locked socket
    Quick ack mode was activated 46 times
    9 packets directly queued to recvmsg prequeue.
    8 bytes directly received in process context from prequeue
    130879 packet headers predicted
    12416 acknowledgments not containing data payload received
    25954 predicted acknowledgments
    11 congestion windows recovered without slow start after partial ack
    2807 other TCP timeouts
    8 connections reset due to unexpected data
    12 connections reset due to early user close
    1 connections aborted due to timeout
    1 times unabled to send RST due to no memory
    IPReversePathFilter: 3
    TCPRcvCoalesce: 13645
    TCPChallengeACK: 10
    TCPSYNChallenge: 12
    TCPSpuriousRtxHostQueues: 1
    TCPSynRetrans: 10376
    TCPOrigDataSent: 30171
    TCPHystartTrainDetect: 5
    TCPHystartTrainCwnd: 89
    TCPACKSkippedChallenge: 2
    TCPKeepAlive: 8192
IpExt:
    InMcastPkts: 1701
    OutMcastPkts: 601
    InBcastPkts: 6160
    OutBcastPkts: 12
    InOctets: 238177062
    OutOctets: 16198624
    InMcastOctets: 265312
    OutMcastOctets: 77866
    InBcastOctets: 509861
    OutBcastOctets: 752
    InNoECTPkts: 263948
    InECT0Pkts: 51
